<?xml version="1.0" encoding="UTF-8" ?>
<databaseChangeLog xmlns="http://www.liquibase.org/xml/ns/dbchangelog"
                   xmlns:xsi="http://www.w3.org/2001/XMLSchema-instance"
                   xsi:schemaLocation="http://www.liquibase.org/xml/ns/dbchangelog http://www.liquibase.org/xml/ns/dbchangelog/dbchangelog-latest.xsd">
    <changeSet id="1723542303053-11" author="(generated)">
        <createTable tableName="TEST_DATA">
            <column name="ID" type="BIGINT">
                <constraints nullable="false" primaryKey="true" primaryKeyName="PK_TEST_DATA"/>
            </column>
            <column name="DATA_FILE_ID" type="BIGINT"/>
            <column name="WEIGHT_A" type="INT"/>
            <column name="WEIGHT_B" type="INT"/>
            <column name="WEIGHT_C" type="INT"/>
            <column name="WEIGHT_D" type="INT"/>
            <column name="WEIGHT_E" type="INT"/>
        </createTable>
        <createTable tableName="DATA_FILE">
            <column name="ID" type="BIGINT" autoIncrement="true">
                <constraints nullable="false" primaryKey="true" primaryKeyName="PK_DATA_FILE"/>
            </column>
            <column name="NAME" type="VARCHAR(255)"/>
        </createTable>
    </changeSet>
</databaseChangeLog>